app/build/intermediates/manifest_merge_blame_file/release/manifest-merger-blame-release-report.txt
1<?xml version="1.0" encoding="utf-8"?>
2<manifest xmlns:android="http://schemas.android.com/apk/res/android"
3    package="org.schabi.newpipe.Flora"
4    android:installLocation="auto"
5    android:versionCode="987"
6    android:versionName="0.23.1" >
7
8    <uses-sdk
9        android:minSdkVersion="16"
9-->src\main\AndroidManifest.xml
10        android:targetSdkVersion="29" />
10-->src\main\AndroidManifest.xml
11
12    <uses-permission android:name="android.permission.INTERNET" />
12-->src\main\AndroidManifest.xml:7:5-67
12-->src\main\AndroidManifest.xml:7:22-64
13    <uses-permission android:name="android.permission.WAKE_LOCK" />
13-->src\main\AndroidManifest.xml:8:5-68
13-->src\main\AndroidManifest.xml:8:22-65
14    <uses-permission android:name="android.permission.ACCESS_NETWORK_STATE" />
14-->src\main\AndroidManifest.xml:9:5-79
14-->src\main\AndroidManifest.xml:9:22-76
15    <uses-permission android:name="android.permission.WRITE_EXTERNAL_STORAGE" />
15-->src\main\AndroidManifest.xml:10:5-81
15-->src\main\AndroidManifest.xml:10:22-78
16    <uses-permission android:name="android.permission.SYSTEM_ALERT_WINDOW" />
16-->src\main\AndroidManifest.xml:11:5-78
16-->src\main\AndroidManifest.xml:11:22-75
17    <uses-permission android:name="android.permission.FOREGROUND_SERVICE" />
17-->src\main\AndroidManifest.xml:12:5-77
17-->src\main\AndroidManifest.xml:12:22-74
18
19    <uses-feature
19-->src\main\AndroidManifest.xml:14:5-16:36
20        android:name="android.hardware.touchscreen"
20-->src\main\AndroidManifest.xml:15:9-52
21        android:required="false" />
21-->src\main\AndroidManifest.xml:16:9-33
22
23    <uses-permission android:name="android.permission.RECEIVE_BOOT_COMPLETED" />
23-->[androidx.work:work-runtime:2.7.1] AndroidManifest.xml:27:5-81
23-->[androidx.work:work-runtime:2.7.1] AndroidManifest.xml:27:22-78
24
25    <application
25-->src\main\AndroidManifest.xml:18:5-392:19
26        android:name="org.schabi.newpipelegacy.App"
26-->src\main\AndroidManifest.xml:19:9-28
27        android:allowBackup="true"
27-->src\main\AndroidManifest.xml:20:9-35
28        android:appComponentFactory="androidx.core.app.CoreComponentFactory"
28-->[androidx.core:core:1.8.0] AndroidManifest.xml:24:18-86
29        android:banner="@mipmap/newpipe_tv_banner"
29-->src\main\AndroidManifest.xml:21:9-51
30        android:icon="@mipmap/ic_launcher"
30-->src\main\AndroidManifest.xml:22:9-43
31        android:label="@string/app_name"
31-->src\main\AndroidManifest.xml:23:9-41
32        android:logo="@mipmap/ic_launcher"
32-->src\main\AndroidManifest.xml:24:9-43
33        android:resizeableActivity="true"
33-->src\main\AndroidManifest.xml:26:9-42
34        android:theme="@style/OpeningTheme" >
34-->src\main\AndroidManifest.xml:25:9-44
35        <activity
35-->src\main\AndroidManifest.xml:28:9-38:20
36            android:name="org.schabi.newpipelegacy.MainActivity"
36-->src\main\AndroidManifest.xml:29:13-41
37            android:label="@string/app_name"
37-->src\main\AndroidManifest.xml:30:13-45
38            android:launchMode="singleTask" >
38-->src\main\AndroidManifest.xml:31:13-44
39            <intent-filter>
39-->src\main\AndroidManifest.xml:32:13-37:29
40                <action android:name="android.intent.action.MAIN" />
40-->src\main\AndroidManifest.xml:33:17-69
40-->src\main\AndroidManifest.xml:33:25-66
41
42                <category android:name="android.intent.category.LAUNCHER" />
42-->src\main\AndroidManifest.xml:35:17-77
42-->src\main\AndroidManifest.xml:35:27-74
43                <category android:name="android.intent.category.LEANBACK_LAUNCHER" />
43-->src\main\AndroidManifest.xml:36:17-86
43-->src\main\AndroidManifest.xml:36:27-83
44            </intent-filter>
45        </activity>
46
47        <receiver android:name="androidx.media.session.MediaButtonReceiver" >
47-->src\main\AndroidManifest.xml:40:9-44:20
47-->src\main\AndroidManifest.xml:40:19-76
48            <intent-filter>
48-->src\main\AndroidManifest.xml:41:13-43:29
49                <action android:name="android.intent.action.MEDIA_BUTTON" />
49-->src\main\AndroidManifest.xml:42:17-77
49-->src\main\AndroidManifest.xml:42:25-74
50            </intent-filter>
51        </receiver>
52
53        <service
53-->src\main\AndroidManifest.xml:46:9-53:19
54            android:name="org.schabi.newpipelegacy.player.PlayerService"
54-->src\main\AndroidManifest.xml:47:13-49
55            android:exported="false"
55-->src\main\AndroidManifest.xml:48:13-37
56            android:foregroundServiceType="mediaPlayback" >
56-->src\main\AndroidManifest.xml:49:13-58
57            <intent-filter>
57-->src\main\AndroidManifest.xml:41:13-43:29
58                <action android:name="android.intent.action.MEDIA_BUTTON" />
58-->src\main\AndroidManifest.xml:42:17-77
58-->src\main\AndroidManifest.xml:42:25-74
59            </intent-filter>
60        </service>
61
62        <activity
62-->src\main\AndroidManifest.xml:55:9-58:47
63            android:name="org.schabi.newpipelegacy.player.PlayQueueActivity"
63-->src\main\AndroidManifest.xml:56:13-53
64            android:label="@string/title_activity_play_queue"
64-->src\main\AndroidManifest.xml:57:13-62
65            android:launchMode="singleTask" />
65-->src\main\AndroidManifest.xml:58:13-44
66        <activity
66-->src\main\AndroidManifest.xml:60:9-62:48
67            android:name="org.schabi.newpipelegacy.settings.SettingsActivity"
67-->src\main\AndroidManifest.xml:61:13-54
68            android:label="@string/settings" />
68-->src\main\AndroidManifest.xml:62:13-45
69        <activity
69-->src\main\AndroidManifest.xml:64:9-66:60
70            android:name="org.schabi.newpipelegacy.about.AboutActivity"
70-->src\main\AndroidManifest.xml:65:13-48
71            android:label="@string/title_activity_about" />
71-->src\main\AndroidManifest.xml:66:13-57
72
73        <service android:name="org.schabi.newpipelegacy.local.subscription.services.SubscriptionsImportService" />
73-->src\main\AndroidManifest.xml:68:9-91
73-->src\main\AndroidManifest.xml:68:18-88
74        <service android:name="org.schabi.newpipelegacy.local.subscription.services.SubscriptionsExportService" />
74-->src\main\AndroidManifest.xml:69:9-91
74-->src\main\AndroidManifest.xml:69:18-88
75        <service android:name="org.schabi.newpipelegacy.local.feed.service.FeedLoadService" />
75-->src\main\AndroidManifest.xml:70:9-71
75-->src\main\AndroidManifest.xml:70:18-68
76
77        <activity
77-->src\main\AndroidManifest.xml:72:9-82:20
78            android:name="org.schabi.newpipelegacy.PanicResponderActivity"
78-->src\main\AndroidManifest.xml:73:13-51
79            android:launchMode="singleInstance"
79-->src\main\AndroidManifest.xml:74:13-48
80            android:noHistory="true"
80-->src\main\AndroidManifest.xml:75:13-37
81            android:theme="@android:style/Theme.NoDisplay" >
81-->src\main\AndroidManifest.xml:76:13-59
82            <intent-filter>
82-->src\main\AndroidManifest.xml:77:13-81:29
83                <action android:name="info.guardianproject.panic.action.TRIGGER" />
83-->src\main\AndroidManifest.xml:78:17-84
83-->src\main\AndroidManifest.xml:78:25-81
84
85                <category android:name="android.intent.category.DEFAULT" />
85-->src\main\AndroidManifest.xml:80:17-76
85-->src\main\AndroidManifest.xml:80:27-73
86            </intent-filter>
87        </activity>
88        <activity
88-->src\main\AndroidManifest.xml:84:9-87:62
89            android:name="org.schabi.newpipelegacy.ExitActivity"
89-->src\main\AndroidManifest.xml:85:13-41
90            android:label="@string/general_error"
90-->src\main\AndroidManifest.xml:86:13-50
91            android:theme="@android:style/Theme.NoDisplay" />
91-->src\main\AndroidManifest.xml:87:13-59
92        <activity android:name="org.schabi.newpipelegacy.error.ErrorActivity" />
92-->src\main\AndroidManifest.xml:88:9-57
92-->src\main\AndroidManifest.xml:88:19-54
93
94        <!-- giga get related -->
95        <activity
95-->src\main\AndroidManifest.xml:91:9-94:47
96            android:name="org.schabi.newpipelegacy.download.DownloadActivity"
96-->src\main\AndroidManifest.xml:92:13-54
97            android:label="@string/app_name"
97-->src\main\AndroidManifest.xml:93:13-45
98            android:launchMode="singleTask" />
98-->src\main\AndroidManifest.xml:94:13-44
99
100        <service android:name="us.shandian.giga.service.DownloadManagerService" />
100-->src\main\AndroidManifest.xml:96:9-83
100-->src\main\AndroidManifest.xml:96:18-80
101
102        <activity
102-->src\main\AndroidManifest.xml:98:9-106:20
103            android:name="org.schabi.newpipelegacy.util.FilePickerActivityHelper"
103-->src\main\AndroidManifest.xml:99:13-58
104            android:label="@string/app_name"
104-->src\main\AndroidManifest.xml:100:13-45
105            android:theme="@style/FilePickerThemeDark" >
105-->src\main\AndroidManifest.xml:101:13-55
106            <intent-filter>
106-->src\main\AndroidManifest.xml:102:13-105:29
107                <action android:name="android.intent.action.GET_CONTENT" />
107-->src\main\AndroidManifest.xml:103:17-76
107-->src\main\AndroidManifest.xml:103:25-73
108
109                <category android:name="android.intent.category.DEFAULT" />
109-->src\main\AndroidManifest.xml:80:17-76
109-->src\main\AndroidManifest.xml:80:27-73
110            </intent-filter>
111        </activity>
112        <activity
112-->src\main\AndroidManifest.xml:108:9-110:49
113            android:name="org.schabi.newpipelegacy.error.ReCaptchaActivity"
113-->src\main\AndroidManifest.xml:109:13-52
114            android:label="@string/recaptcha" />
114-->src\main\AndroidManifest.xml:110:13-46
115
116        <provider
117            android:name="androidx.core.content.FileProvider"
117-->src\main\AndroidManifest.xml:113:13-62
118            android:authorities="org.schabi.newpipe.Flora.provider"
118-->src\main\AndroidManifest.xml:114:13-60
119            android:exported="false"
119-->src\main\AndroidManifest.xml:115:13-37
120            android:grantUriPermissions="true" >
120-->src\main\AndroidManifest.xml:116:13-47
121            <meta-data
121-->src\main\AndroidManifest.xml:117:13-119:62
122                android:name="android.support.FILE_PROVIDER_PATHS"
122-->src\main\AndroidManifest.xml:118:17-67
123                android:resource="@xml/nnf_provider_paths" />
123-->src\main\AndroidManifest.xml:119:17-59
124        </provider>
125
126        <activity
126-->src\main\AndroidManifest.xml:122:9-380:20
127            android:name="org.schabi.newpipelegacy.RouterActivity"
127-->src\main\AndroidManifest.xml:123:13-43
128            android:excludeFromRecents="true"
128-->src\main\AndroidManifest.xml:124:13-46
129            android:label="@string/preferred_open_action_share_menu_title"
129-->src\main\AndroidManifest.xml:125:13-75
130            android:taskAffinity=""
130-->src\main\AndroidManifest.xml:126:13-36
131            android:theme="@style/RouterActivityThemeDark" >
131-->src\main\AndroidManifest.xml:127:13-59
132
133            <!-- Youtube filter -->
134            <intent-filter>
134-->src\main\AndroidManifest.xml:130:13-156:29
135                <action android:name="android.intent.action.VIEW" />
135-->src\main\AndroidManifest.xml:131:17-69
135-->src\main\AndroidManifest.xml:131:25-66
136                <action android:name="android.media.action.MEDIA_PLAY_FROM_SEARCH" />
136-->src\main\AndroidManifest.xml:132:17-86
136-->src\main\AndroidManifest.xml:132:25-83
137                <action android:name="android.nfc.action.NDEF_DISCOVERED" />
137-->src\main\AndroidManifest.xml:133:17-77
137-->src\main\AndroidManifest.xml:133:25-74
138
139                <category android:name="android.intent.category.DEFAULT" />
139-->src\main\AndroidManifest.xml:80:17-76
139-->src\main\AndroidManifest.xml:80:27-73
140                <category android:name="android.intent.category.BROWSABLE" />
140-->src\main\AndroidManifest.xml:136:17-78
140-->src\main\AndroidManifest.xml:136:27-75
141
142                <data android:scheme="http" />
142-->src\main\AndroidManifest.xml:138:17-47
142-->src\main\AndroidManifest.xml:138:23-44
143                <data android:scheme="https" />
143-->src\main\AndroidManifest.xml:138:17-47
143-->src\main\AndroidManifest.xml:138:23-44
144                <data android:host="youtube.com" />
144-->src\main\AndroidManifest.xml:138:17-47
144-->src\main\AndroidManifest.xml:140:23-49
145                <data android:host="m.youtube.com" />
145-->src\main\AndroidManifest.xml:138:17-47
145-->src\main\AndroidManifest.xml:140:23-49
146                <data android:host="www.youtube.com" />
146-->src\main\AndroidManifest.xml:138:17-47
146-->src\main\AndroidManifest.xml:140:23-49
147                <data android:host="music.youtube.com" />
147-->src\main\AndroidManifest.xml:138:17-47
147-->src\main\AndroidManifest.xml:140:23-49
148                <!-- video prefix -->
149                <data android:pathPrefix="/v/" />
149-->src\main\AndroidManifest.xml:138:17-47
149-->src\main\AndroidManifest.xml:145:23-47
150                <data android:pathPrefix="/embed/" />
150-->src\main\AndroidManifest.xml:138:17-47
150-->src\main\AndroidManifest.xml:145:23-47
151                <data android:pathPrefix="/watch" />
151-->src\main\AndroidManifest.xml:138:17-47
151-->src\main\AndroidManifest.xml:145:23-47
152                <data android:pathPrefix="/attribution_link" />
152-->src\main\AndroidManifest.xml:138:17-47
152-->src\main\AndroidManifest.xml:145:23-47
153                <data android:pathPrefix="/shorts/" />
153-->src\main\AndroidManifest.xml:138:17-47
153-->src\main\AndroidManifest.xml:145:23-47
154                <!-- channel prefix -->
155                <data android:pathPrefix="/channel/" />
155-->src\main\AndroidManifest.xml:138:17-47
155-->src\main\AndroidManifest.xml:145:23-47
156                <data android:pathPrefix="/user/" />
156-->src\main\AndroidManifest.xml:138:17-47
156-->src\main\AndroidManifest.xml:145:23-47
157                <data android:pathPrefix="/c/" />
157-->src\main\AndroidManifest.xml:138:17-47
157-->src\main\AndroidManifest.xml:145:23-47
158                <!-- playlist prefix -->
159                <data android:pathPrefix="/playlist" />
159-->src\main\AndroidManifest.xml:138:17-47
159-->src\main\AndroidManifest.xml:145:23-47
160            </intent-filter>
161            <intent-filter>
161-->src\main\AndroidManifest.xml:157:13-169:29
162                <action android:name="android.intent.action.VIEW" />
162-->src\main\AndroidManifest.xml:131:17-69
162-->src\main\AndroidManifest.xml:131:25-66
163                <action android:name="android.media.action.MEDIA_PLAY_FROM_SEARCH" />
163-->src\main\AndroidManifest.xml:132:17-86
163-->src\main\AndroidManifest.xml:132:25-83
164                <action android:name="android.nfc.action.NDEF_DISCOVERED" />
164-->src\main\AndroidManifest.xml:133:17-77
164-->src\main\AndroidManifest.xml:133:25-74
165
166                <category android:name="android.intent.category.DEFAULT" />
166-->src\main\AndroidManifest.xml:80:17-76
166-->src\main\AndroidManifest.xml:80:27-73
167                <category android:name="android.intent.category.BROWSABLE" />
167-->src\main\AndroidManifest.xml:136:17-78
167-->src\main\AndroidManifest.xml:136:27-75
168
169                <data android:scheme="http" />
169-->src\main\AndroidManifest.xml:138:17-47
169-->src\main\AndroidManifest.xml:138:23-44
170                <data android:scheme="https" />
170-->src\main\AndroidManifest.xml:138:17-47
170-->src\main\AndroidManifest.xml:138:23-44
171                <data android:host="youtu.be" />
171-->src\main\AndroidManifest.xml:138:17-47
171-->src\main\AndroidManifest.xml:140:23-49
172                <data android:pathPrefix="/" />
172-->src\main\AndroidManifest.xml:138:17-47
172-->src\main\AndroidManifest.xml:145:23-47
173            </intent-filter>
174            <intent-filter>
174-->src\main\AndroidManifest.xml:170:13-182:29
175                <action android:name="android.intent.action.VIEW" />
175-->src\main\AndroidManifest.xml:131:17-69
175-->src\main\AndroidManifest.xml:131:25-66
176                <action android:name="android.media.action.MEDIA_PLAY_FROM_SEARCH" />
176-->src\main\AndroidManifest.xml:132:17-86
176-->src\main\AndroidManifest.xml:132:25-83
177                <action android:name="android.nfc.action.NDEF_DISCOVERED" />
177-->src\main\AndroidManifest.xml:133:17-77
177-->src\main\AndroidManifest.xml:133:25-74
178
179                <category android:name="android.intent.category.DEFAULT" />
179-->src\main\AndroidManifest.xml:80:17-76
179-->src\main\AndroidManifest.xml:80:27-73
180                <category android:name="android.intent.category.BROWSABLE" />
180-->src\main\AndroidManifest.xml:136:17-78
180-->src\main\AndroidManifest.xml:136:27-75
181
182                <data android:scheme="http" />
182-->src\main\AndroidManifest.xml:138:17-47
182-->src\main\AndroidManifest.xml:138:23-44
183                <data android:scheme="https" />
183-->src\main\AndroidManifest.xml:138:17-47
183-->src\main\AndroidManifest.xml:138:23-44
184                <data android:host="www.youtube-nocookie.com" />
184-->src\main\AndroidManifest.xml:138:17-47
184-->src\main\AndroidManifest.xml:140:23-49
185                <data android:pathPrefix="/embed/" />
185-->src\main\AndroidManifest.xml:138:17-47
185-->src\main\AndroidManifest.xml:145:23-47
186            </intent-filter>
187            <intent-filter>
187-->src\main\AndroidManifest.xml:183:13-193:29
188                <action android:name="android.intent.action.VIEW" />
188-->src\main\AndroidManifest.xml:131:17-69
188-->src\main\AndroidManifest.xml:131:25-66
189                <action android:name="android.media.action.MEDIA_PLAY_FROM_SEARCH" />
189-->src\main\AndroidManifest.xml:132:17-86
189-->src\main\AndroidManifest.xml:132:25-83
190                <action android:name="android.nfc.action.NDEF_DISCOVERED" />
190-->src\main\AndroidManifest.xml:133:17-77
190-->src\main\AndroidManifest.xml:133:25-74
191
192                <category android:name="android.intent.category.DEFAULT" />
192-->src\main\AndroidManifest.xml:80:17-76
192-->src\main\AndroidManifest.xml:80:27-73
193                <category android:name="android.intent.category.BROWSABLE" />
193-->src\main\AndroidManifest.xml:136:17-78
193-->src\main\AndroidManifest.xml:136:27-75
194
195                <data android:scheme="vnd.youtube" />
195-->src\main\AndroidManifest.xml:138:17-47
195-->src\main\AndroidManifest.xml:138:23-44
196                <data android:scheme="vnd.youtube.launch" />
196-->src\main\AndroidManifest.xml:138:17-47
196-->src\main\AndroidManifest.xml:138:23-44
197            </intent-filter>
198
199            <!-- Hooktube filter -->
200            <intent-filter>
200-->src\main\AndroidManifest.xml:196:13-215:29
201                <action android:name="android.intent.action.VIEW" />
201-->src\main\AndroidManifest.xml:131:17-69
201-->src\main\AndroidManifest.xml:131:25-66
202                <action android:name="android.media.action.MEDIA_PLAY_FROM_SEARCH" />
202-->src\main\AndroidManifest.xml:132:17-86
202-->src\main\AndroidManifest.xml:132:25-83
203                <action android:name="android.nfc.action.NDEF_DISCOVERED" />
203-->src\main\AndroidManifest.xml:133:17-77
203-->src\main\AndroidManifest.xml:133:25-74
204
205                <category android:name="android.intent.category.DEFAULT" />
205-->src\main\AndroidManifest.xml:80:17-76
205-->src\main\AndroidManifest.xml:80:27-73
206                <category android:name="android.intent.category.BROWSABLE" />
206-->src\main\AndroidManifest.xml:136:17-78
206-->src\main\AndroidManifest.xml:136:27-75
207
208                <data android:scheme="http" />
208-->src\main\AndroidManifest.xml:138:17-47
208-->src\main\AndroidManifest.xml:138:23-44
209                <data android:scheme="https" />
209-->src\main\AndroidManifest.xml:138:17-47
209-->src\main\AndroidManifest.xml:138:23-44
210                <data android:host="hooktube.com" />
210-->src\main\AndroidManifest.xml:138:17-47
210-->src\main\AndroidManifest.xml:140:23-49
211                <data android:host="*.hooktube.com" />
211-->src\main\AndroidManifest.xml:138:17-47
211-->src\main\AndroidManifest.xml:140:23-49
212                <!-- video prefix -->
213                <data android:pathPrefix="/v/" />
213-->src\main\AndroidManifest.xml:138:17-47
213-->src\main\AndroidManifest.xml:145:23-47
214                <data android:pathPrefix="/embed/" />
214-->src\main\AndroidManifest.xml:138:17-47
214-->src\main\AndroidManifest.xml:145:23-47
215                <data android:pathPrefix="/watch" />
215-->src\main\AndroidManifest.xml:138:17-47
215-->src\main\AndroidManifest.xml:145:23-47
216                <!-- channel prefix -->
217                <data android:pathPrefix="/channel/" />
217-->src\main\AndroidManifest.xml:138:17-47
217-->src\main\AndroidManifest.xml:145:23-47
218                <data android:pathPrefix="/user/" />
218-->src\main\AndroidManifest.xml:138:17-47
218-->src\main\AndroidManifest.xml:145:23-47
219            </intent-filter>
220
221            <!-- Invidious filter -->
222            <intent-filter>
222-->src\main\AndroidManifest.xml:218:13-257:29
223                <action android:name="android.intent.action.VIEW" />
223-->src\main\AndroidManifest.xml:131:17-69
223-->src\main\AndroidManifest.xml:131:25-66
224                <action android:name="android.media.action.MEDIA_PLAY_FROM_SEARCH" />
224-->src\main\AndroidManifest.xml:132:17-86
224-->src\main\AndroidManifest.xml:132:25-83
225                <action android:name="android.nfc.action.NDEF_DISCOVERED" />
225-->src\main\AndroidManifest.xml:133:17-77
225-->src\main\AndroidManifest.xml:133:25-74
226
227                <category android:name="android.intent.category.DEFAULT" />
227-->src\main\AndroidManifest.xml:80:17-76
227-->src\main\AndroidManifest.xml:80:27-73
228                <category android:name="android.intent.category.BROWSABLE" />
228-->src\main\AndroidManifest.xml:136:17-78
228-->src\main\AndroidManifest.xml:136:27-75
229
230                <data android:scheme="http" />
230-->src\main\AndroidManifest.xml:138:17-47
230-->src\main\AndroidManifest.xml:138:23-44
231                <data android:scheme="https" />
231-->src\main\AndroidManifest.xml:138:17-47
231-->src\main\AndroidManifest.xml:138:23-44
232                <data android:host="tubus.eduvid.org" />
232-->src\main\AndroidManifest.xml:138:17-47
232-->src\main\AndroidManifest.xml:140:23-49
233                <data android:host="invidio.us" />
233-->src\main\AndroidManifest.xml:138:17-47
233-->src\main\AndroidManifest.xml:140:23-49
234                <data android:host="dev.invidio.us" />
234-->src\main\AndroidManifest.xml:138:17-47
234-->src\main\AndroidManifest.xml:140:23-49
235                <data android:host="www.invidio.us" />
235-->src\main\AndroidManifest.xml:138:17-47
235-->src\main\AndroidManifest.xml:140:23-49
236                <data android:host="redirect.invidious.io" />
236-->src\main\AndroidManifest.xml:138:17-47
236-->src\main\AndroidManifest.xml:140:23-49
237                <data android:host="invidious.snopyta.org" />
237-->src\main\AndroidManifest.xml:138:17-47
237-->src\main\AndroidManifest.xml:140:23-49
238                <data android:host="yewtu.be" />
238-->src\main\AndroidManifest.xml:138:17-47
238-->src\main\AndroidManifest.xml:140:23-49
239                <data android:host="tube.connect.cafe" />
239-->src\main\AndroidManifest.xml:138:17-47
239-->src\main\AndroidManifest.xml:140:23-49
240                <data android:host="invidious.kavin.rocks" />
240-->src\main\AndroidManifest.xml:138:17-47
240-->src\main\AndroidManifest.xml:140:23-49
241                <data android:host="invidious-us.kavin.rocks" />
241-->src\main\AndroidManifest.xml:138:17-47
241-->src\main\AndroidManifest.xml:140:23-49
242                <data android:host="piped.kavin.rocks" />
242-->src\main\AndroidManifest.xml:138:17-47
242-->src\main\AndroidManifest.xml:140:23-49
243                <data android:host="invidious.site" />
243-->src\main\AndroidManifest.xml:138:17-47
243-->src\main\AndroidManifest.xml:140:23-49
244                <data android:host="vid.mint.lgbt" />
244-->src\main\AndroidManifest.xml:138:17-47
244-->src\main\AndroidManifest.xml:140:23-49
245                <data android:host="invidiou.site" />
245-->src\main\AndroidManifest.xml:138:17-47
245-->src\main\AndroidManifest.xml:140:23-49
246                <data android:host="invidious.fdn.fr" />
246-->src\main\AndroidManifest.xml:138:17-47
246-->src\main\AndroidManifest.xml:140:23-49
247                <data android:host="invidious.048596.xyz" />
247-->src\main\AndroidManifest.xml:138:17-47
247-->src\main\AndroidManifest.xml:140:23-49
248                <data android:host="invidious.zee.li" />
248-->src\main\AndroidManifest.xml:138:17-47
248-->src\main\AndroidManifest.xml:140:23-49
249                <data android:host="vid.puffyan.us" />
249-->src\main\AndroidManifest.xml:138:17-47
249-->src\main\AndroidManifest.xml:140:23-49
250                <data android:host="ytprivate.com" />
250-->src\main\AndroidManifest.xml:138:17-47
250-->src\main\AndroidManifest.xml:140:23-49
251                <data android:host="invidious.namazso.eu" />
251-->src\main\AndroidManifest.xml:138:17-47
251-->src\main\AndroidManifest.xml:140:23-49
252                <data android:host="invidious.silkky.cloud" />
252-->src\main\AndroidManifest.xml:138:17-47
252-->src\main\AndroidManifest.xml:140:23-49
253                <data android:host="invidious.exonip.de" />
253-->src\main\AndroidManifest.xml:138:17-47
253-->src\main\AndroidManifest.xml:140:23-49
254                <data android:host="inv.riverside.rocks" />
254-->src\main\AndroidManifest.xml:138:17-47
254-->src\main\AndroidManifest.xml:140:23-49
255                <data android:host="invidious.blamefran.net" />
255-->src\main\AndroidManifest.xml:138:17-47
255-->src\main\AndroidManifest.xml:140:23-49
256                <data android:host="invidious.moomoo.me" />
256-->src\main\AndroidManifest.xml:138:17-47
256-->src\main\AndroidManifest.xml:140:23-49
257                <data android:host="ytb.trom.tf" />
257-->src\main\AndroidManifest.xml:138:17-47
257-->src\main\AndroidManifest.xml:140:23-49
258                <data android:host="yt.cyberhost.uk" />
258-->src\main\AndroidManifest.xml:138:17-47
258-->src\main\AndroidManifest.xml:140:23-49
259                <data android:host="y.com.cm" />
259-->src\main\AndroidManifest.xml:138:17-47
259-->src\main\AndroidManifest.xml:140:23-49
260                <data android:pathPrefix="/" />
260-->src\main\AndroidManifest.xml:138:17-47
260-->src\main\AndroidManifest.xml:145:23-47
261            </intent-filter>
262
263            <!-- y2u.be filter -->
264            <intent-filter>
264-->src\main\AndroidManifest.xml:260:13-272:29
265                <action android:name="android.intent.action.VIEW" />
265-->src\main\AndroidManifest.xml:131:17-69
265-->src\main\AndroidManifest.xml:131:25-66
266                <action android:name="android.media.action.MEDIA_PLAY_FROM_SEARCH" />
266-->src\main\AndroidManifest.xml:132:17-86
266-->src\main\AndroidManifest.xml:132:25-83
267                <action android:name="android.nfc.action.NDEF_DISCOVERED" />
267-->src\main\AndroidManifest.xml:133:17-77
267-->src\main\AndroidManifest.xml:133:25-74
268
269                <category android:name="android.intent.category.DEFAULT" />
269-->src\main\AndroidManifest.xml:80:17-76
269-->src\main\AndroidManifest.xml:80:27-73
270                <category android:name="android.intent.category.BROWSABLE" />
270-->src\main\AndroidManifest.xml:136:17-78
270-->src\main\AndroidManifest.xml:136:27-75
271
272                <data android:scheme="http" />
272-->src\main\AndroidManifest.xml:138:17-47
272-->src\main\AndroidManifest.xml:138:23-44
273                <data android:scheme="https" />
273-->src\main\AndroidManifest.xml:138:17-47
273-->src\main\AndroidManifest.xml:138:23-44
274                <data android:host="y2u.be" />
274-->src\main\AndroidManifest.xml:138:17-47
274-->src\main\AndroidManifest.xml:140:23-49
275                <data android:pathPrefix="/" />
275-->src\main\AndroidManifest.xml:138:17-47
275-->src\main\AndroidManifest.xml:145:23-47
276            </intent-filter>
277
278            <!-- Soundcloud filter -->
279            <intent-filter>
279-->src\main\AndroidManifest.xml:275:13-289:29
280                <action android:name="android.intent.action.VIEW" />
280-->src\main\AndroidManifest.xml:131:17-69
280-->src\main\AndroidManifest.xml:131:25-66
281                <action android:name="android.media.action.MEDIA_PLAY_FROM_SEARCH" />
281-->src\main\AndroidManifest.xml:132:17-86
281-->src\main\AndroidManifest.xml:132:25-83
282                <action android:name="android.nfc.action.NDEF_DISCOVERED" />
282-->src\main\AndroidManifest.xml:133:17-77
282-->src\main\AndroidManifest.xml:133:25-74
283
284                <category android:name="android.intent.category.DEFAULT" />
284-->src\main\AndroidManifest.xml:80:17-76
284-->src\main\AndroidManifest.xml:80:27-73
285                <category android:name="android.intent.category.BROWSABLE" />
285-->src\main\AndroidManifest.xml:136:17-78
285-->src\main\AndroidManifest.xml:136:27-75
286
287                <data android:scheme="http" />
287-->src\main\AndroidManifest.xml:138:17-47
287-->src\main\AndroidManifest.xml:138:23-44
288                <data android:scheme="https" />
288-->src\main\AndroidManifest.xml:138:17-47
288-->src\main\AndroidManifest.xml:138:23-44
289                <data android:host="soundcloud.com" />
289-->src\main\AndroidManifest.xml:138:17-47
289-->src\main\AndroidManifest.xml:140:23-49
290                <data android:host="m.soundcloud.com" />
290-->src\main\AndroidManifest.xml:138:17-47
290-->src\main\AndroidManifest.xml:140:23-49
291                <data android:host="www.soundcloud.com" />
291-->src\main\AndroidManifest.xml:138:17-47